{"level":"info","time":"2022-05-20T18:15:39Z","message":"Thank you for trying Cloudflare Tunnel. Doing so, without a Cloudflare account, is a quick way to experiment and try it out. However, be aware that these account-less Tunnels have no uptime guarantee. If you intend to use Tunnels in production you should use a pre-created named tunnel by following: https://developers.cloudflare.com/cloudflare-one/connections/connect-apps"}
{"level":"info","time":"2022-05-20T18:15:39Z","message":"Requesting new quick Tunnel on trycloudflare.com..."}
{"level":"info","time":"2022-05-20T18:15:40Z","message":"+--------------------------------------------------------------------------------------------+"}
{"level":"info","time":"2022-05-20T18:15:40Z","message":"|  Your quick Tunnel has been created! Visit it at (it may take some time to be reachable):  |"}
{"level":"info","time":"2022-05-20T18:15:40Z","message":"|  https://continues-representatives-findlaw-navy.trycloudflare.com                          |"}
{"level":"info","time":"2022-05-20T18:15:40Z","message":"+--------------------------------------------------------------------------------------------+"}
{"level":"info","time":"2022-05-20T18:15:40Z","message":"Cannot determine default configuration path. No file [config.yml config.yaml] in [~/.cloudflared ~/.cloudflare-warp ~/cloudflare-warp /etc/cloudflared /usr/local/etc/cloudflared]"}
{"level":"info","time":"2022-05-20T18:15:40Z","message":"Version 2022.5.1"}
{"level":"info","time":"2022-05-20T18:15:40Z","message":"GOOS: linux, GOVersion: go1.17.5, GoArch: amd64"}
{"level":"info","time":"2022-05-20T18:15:40Z","message":"Settings: map[logfile:./cloudflared.log metrics:localhost:45678 protocol:quic url:ssh://localhost:22]"}
{"level":"info","autoupdateFreq":86400000,"time":"2022-05-20T18:15:40Z","message":"Autoupdate frequency is set"}
{"level":"info","time":"2022-05-20T18:15:40Z","message":"Generated Connector ID: be5bd620-6d1d-4e00-a2ae-08a2c15428dd"}
{"level":"info","time":"2022-05-20T18:15:40Z","message":"Initial protocol quic"}
{"level":"info","time":"2022-05-20T18:15:40Z","message":"Starting metrics server on 127.0.0.1:45678/metrics"}
{"level":"error","connIndex":0,"error":"Unauthorized: Failed to get tunnel","time":"2022-05-20T18:15:40Z","message":"Failed to serve quic connection"}
{"level":"error","connIndex":0,"error":"Unauthorized: Failed to get tunnel","time":"2022-05-20T18:15:40Z","message":"Register tunnel error from server side"}
{"level":"info","connIndex":0,"time":"2022-05-20T18:15:40Z","message":"Retrying connection in up to 2s seconds"}
{"level":"error","connIndex":0,"error":"Unauthorized: Failed to get tunnel","time":"2022-05-20T18:15:42Z","message":"Failed to serve quic connection"}
{"level":"error","connIndex":0,"error":"Unauthorized: Failed to get tunnel","time":"2022-05-20T18:15:42Z","message":"Register tunnel error from server side"}
{"level":"info","connIndex":0,"time":"2022-05-20T18:15:42Z","message":"Retrying connection in up to 4s seconds"}
{"level":"info","connIndex":0,"location":"SJC","time":"2022-05-20T18:15:45Z","message":"Connection a92e68e8-e138-41a6-b871-de4acab2c270 registered"}
{"level":"info","connIndex":1,"location":"LAX","time":"2022-05-20T18:15:45Z","message":"Connection 0152914f-03d3-4c32-8749-fb3177ba6d98 registered"}
{"level":"info","connIndex":2,"location":"SJC","time":"2022-05-20T18:15:46Z","message":"Connection 59293b16-8616-4ed7-9eec-e1ebbaf2137b registered"}
{"level":"info","connIndex":3,"location":"LAX","time":"2022-05-20T18:15:47Z","message":"Connection b8f7b5bd-4426-4149-9a3f-5e050ba1a22b registered"}
